<?xml version="1.0" encoding="UTF-8"?>
<!-- Generated by org.testng.reporters.JUnitReportReporter -->
<testsuite hostname="V3nKaT" failures="0" tests="2" name="SeleniumE2ETytorial.LoginPageValidation" time="29.940" errors="0" timestamp="2019-10-20T02:02:25 IST" skipped="0">
  <testcase classname="SeleniumE2ETytorial.LoginPageValidation" name="LoginValidation" time="6.440"/>
  <testcase classname="SeleniumE2ETytorial.LoginPageValidation" name="LoginValidation" time="23.500"/>
</testsuite> <!-- SeleniumE2ETytorial.LoginPageValidation -->
